F, [2016-10-19T23:59:50.121463 #90007] FATAL -- : error adding listener addr=/Users/pwkad/code/aureliatoolkit/shared/sockets/unicorn.sock
/Users/pwkad/.rvm/gems/ruby-2.3.1/gems/unicorn-5.1.0/lib/unicorn/socket_helper.rb:122:in `initialize': No such file or directory - connect(2) for /Users/pwkad/code/aureliatoolkit/shared/sockets/unicorn.sock (Errno::ENOENT)
	from /Users/pwkad/.rvm/gems/ruby-2.3.1/gems/unicorn-5.1.0/lib/unicorn/socket_helper.rb:122:in `new'
	from /Users/pwkad/.rvm/gems/ruby-2.3.1/gems/unicorn-5.1.0/lib/unicorn/socket_helper.rb:122:in `bind_listen'
	from /Users/pwkad/.rvm/gems/ruby-2.3.1/gems/unicorn-5.1.0/lib/unicorn/http_server.rb:231:in `listen'
	from /Users/pwkad/.rvm/gems/ruby-2.3.1/gems/unicorn-5.1.0/lib/unicorn/http_server.rb:808:in `block in bind_new_listeners!'
	from /Users/pwkad/.rvm/gems/ruby-2.3.1/gems/unicorn-5.1.0/lib/unicorn/http_server.rb:808:in `each'
	from /Users/pwkad/.rvm/gems/ruby-2.3.1/gems/unicorn-5.1.0/lib/unicorn/http_server.rb:808:in `bind_new_listeners!'
	from /Users/pwkad/.rvm/gems/ruby-2.3.1/gems/unicorn-5.1.0/lib/unicorn/http_server.rb:130:in `start'
	from /Users/pwkad/.rvm/gems/ruby-2.3.1/gems/unicorn-rails-2.2.1/lib/unicorn_rails.rb:33:in `run'
	from /Users/pwkad/.rvm/gems/ruby-2.3.1/gems/rack-1.5.2/lib/rack/server.rb:264:in `start'
	from /Users/pwkad/.rvm/gems/ruby-2.3.1/gems/railties-4.1.5/lib/rails/commands/server.rb:69:in `start'
	from /Users/pwkad/.rvm/gems/ruby-2.3.1/gems/railties-4.1.5/lib/rails/commands/commands_tasks.rb:81:in `block in server'
	from /Users/pwkad/.rvm/gems/ruby-2.3.1/gems/railties-4.1.5/lib/rails/commands/commands_tasks.rb:76:in `tap'
	from /Users/pwkad/.rvm/gems/ruby-2.3.1/gems/railties-4.1.5/lib/rails/commands/commands_tasks.rb:76:in `server'
	from /Users/pwkad/.rvm/gems/ruby-2.3.1/gems/railties-4.1.5/lib/rails/commands/commands_tasks.rb:40:in `run_command!'
	from /Users/pwkad/.rvm/gems/ruby-2.3.1/gems/railties-4.1.5/lib/rails/commands.rb:17:in `<top (required)>'
	from bin/rails:8:in `require'
	from bin/rails:8:in `<main>'
F, [2016-10-20T00:00:00.407296 #90029] FATAL -- : error adding listener addr=/Users/pwkad/code/aureliatoolkit/shared/sockets/unicorn.sock
/Users/pwkad/.rvm/gems/ruby-2.3.1/gems/unicorn-5.1.0/lib/unicorn/socket_helper.rb:122:in `initialize': No such file or directory - connect(2) for /Users/pwkad/code/aureliatoolkit/shared/sockets/unicorn.sock (Errno::ENOENT)
	from /Users/pwkad/.rvm/gems/ruby-2.3.1/gems/unicorn-5.1.0/lib/unicorn/socket_helper.rb:122:in `new'
	from /Users/pwkad/.rvm/gems/ruby-2.3.1/gems/unicorn-5.1.0/lib/unicorn/socket_helper.rb:122:in `bind_listen'
	from /Users/pwkad/.rvm/gems/ruby-2.3.1/gems/unicorn-5.1.0/lib/unicorn/http_server.rb:231:in `listen'
	from /Users/pwkad/.rvm/gems/ruby-2.3.1/gems/unicorn-5.1.0/lib/unicorn/http_server.rb:808:in `block in bind_new_listeners!'
	from /Users/pwkad/.rvm/gems/ruby-2.3.1/gems/unicorn-5.1.0/lib/unicorn/http_server.rb:808:in `each'
	from /Users/pwkad/.rvm/gems/ruby-2.3.1/gems/unicorn-5.1.0/lib/unicorn/http_server.rb:808:in `bind_new_listeners!'
	from /Users/pwkad/.rvm/gems/ruby-2.3.1/gems/unicorn-5.1.0/lib/unicorn/http_server.rb:130:in `start'
	from /Users/pwkad/.rvm/gems/ruby-2.3.1/gems/unicorn-rails-2.2.1/lib/unicorn_rails.rb:33:in `run'
	from /Users/pwkad/.rvm/gems/ruby-2.3.1/gems/rack-1.5.2/lib/rack/server.rb:264:in `start'
	from /Users/pwkad/.rvm/gems/ruby-2.3.1/gems/railties-4.1.5/lib/rails/commands/server.rb:69:in `start'
	from /Users/pwkad/.rvm/gems/ruby-2.3.1/gems/railties-4.1.5/lib/rails/commands/commands_tasks.rb:81:in `block in server'
	from /Users/pwkad/.rvm/gems/ruby-2.3.1/gems/railties-4.1.5/lib/rails/commands/commands_tasks.rb:76:in `tap'
	from /Users/pwkad/.rvm/gems/ruby-2.3.1/gems/railties-4.1.5/lib/rails/commands/commands_tasks.rb:76:in `server'
	from /Users/pwkad/.rvm/gems/ruby-2.3.1/gems/railties-4.1.5/lib/rails/commands/commands_tasks.rb:40:in `run_command!'
	from /Users/pwkad/.rvm/gems/ruby-2.3.1/gems/railties-4.1.5/lib/rails/commands.rb:17:in `<top (required)>'
	from bin/rails:8:in `require'
	from bin/rails:8:in `<main>'
F, [2016-10-20T00:00:11.765984 #90043] FATAL -- : error adding listener addr=/Users/pwkad/code/aureliatoolkit/shared/sockets/unicorn.sock
/Users/pwkad/.rvm/gems/ruby-2.3.1/gems/unicorn-5.1.0/lib/unicorn/socket_helper.rb:122:in `initialize': No such file or directory - connect(2) for /Users/pwkad/code/aureliatoolkit/shared/sockets/unicorn.sock (Errno::ENOENT)
	from /Users/pwkad/.rvm/gems/ruby-2.3.1/gems/unicorn-5.1.0/lib/unicorn/socket_helper.rb:122:in `new'
	from /Users/pwkad/.rvm/gems/ruby-2.3.1/gems/unicorn-5.1.0/lib/unicorn/socket_helper.rb:122:in `bind_listen'
	from /Users/pwkad/.rvm/gems/ruby-2.3.1/gems/unicorn-5.1.0/lib/unicorn/http_server.rb:231:in `listen'
	from /Users/pwkad/.rvm/gems/ruby-2.3.1/gems/unicorn-5.1.0/lib/unicorn/http_server.rb:808:in `block in bind_new_listeners!'
	from /Users/pwkad/.rvm/gems/ruby-2.3.1/gems/unicorn-5.1.0/lib/unicorn/http_server.rb:808:in `each'
	from /Users/pwkad/.rvm/gems/ruby-2.3.1/gems/unicorn-5.1.0/lib/unicorn/http_server.rb:808:in `bind_new_listeners!'
	from /Users/pwkad/.rvm/gems/ruby-2.3.1/gems/unicorn-5.1.0/lib/unicorn/http_server.rb:130:in `start'
	from /Users/pwkad/.rvm/gems/ruby-2.3.1/gems/unicorn-rails-2.2.1/lib/unicorn_rails.rb:33:in `run'
	from /Users/pwkad/.rvm/gems/ruby-2.3.1/gems/rack-1.5.2/lib/rack/server.rb:264:in `start'
	from /Users/pwkad/.rvm/gems/ruby-2.3.1/gems/railties-4.1.5/lib/rails/commands/server.rb:69:in `start'
	from /Users/pwkad/.rvm/gems/ruby-2.3.1/gems/railties-4.1.5/lib/rails/commands/commands_tasks.rb:81:in `block in server'
	from /Users/pwkad/.rvm/gems/ruby-2.3.1/gems/railties-4.1.5/lib/rails/commands/commands_tasks.rb:76:in `tap'
	from /Users/pwkad/.rvm/gems/ruby-2.3.1/gems/railties-4.1.5/lib/rails/commands/commands_tasks.rb:76:in `server'
	from /Users/pwkad/.rvm/gems/ruby-2.3.1/gems/railties-4.1.5/lib/rails/commands/commands_tasks.rb:40:in `run_command!'
	from /Users/pwkad/.rvm/gems/ruby-2.3.1/gems/railties-4.1.5/lib/rails/commands.rb:17:in `<top (required)>'
	from bin/rails:8:in `require'
	from bin/rails:8:in `<main>'
